  main.cpp
E:\vc++\Project1\Project1\texture.h(54,19): warning C4018: “<”: 有符号/无符号不匹配
E:\vc++\Project1\Project1\main.cpp(60,28): warning C4244: “=”: 从“double”转换到“float”，可能丢失数据
E:\vc++\Project1\Project1\main.cpp(64,15): warning C4244: “=”: 从“double”转换到“float”，可能丢失数据
E:\vc++\Project1\Project1\main.cpp(65,17): warning C4244: “=”: 从“double”转换到“float”，可能丢失数据
E:\vc++\Project1\Project1\main.cpp(80,15): warning C4244: “=”: 从“double”转换到“float”，可能丢失数据
E:\vc++\Project1\Project1\main.cpp(109,28): warning C4244: “=”: 从“double”转换到“float”，可能丢失数据
E:\vc++\Project1\Project1\main.cpp(112,15): warning C4244: “=”: 从“double”转换到“float”，可能丢失数据
E:\vc++\Project1\Project1\main.cpp(113,17): warning C4244: “=”: 从“double”转换到“float”，可能丢失数据
E:\vc++\Project1\Project1\main.cpp(123,15): warning C4244: “=”: 从“double”转换到“float”，可能丢失数据
E:\vc++\Project1\Project1\main.cpp(165,27): warning C4244: “参数”: 从“double”转换到“GLfloat”，可能丢失数据
E:\vc++\Project1\Project1\main.cpp(166,27): warning C4244: “参数”: 从“double”转换到“GLfloat”，可能丢失数据
E:\vc++\Project1\Project1\main.cpp(167,27): warning C4244: “参数”: 从“double”转换到“GLfloat”，可能丢失数据
E:\vc++\Project1\Project1\main.cpp(168,27): warning C4244: “参数”: 从“double”转换到“GLfloat”，可能丢失数据
E:\vc++\Project1\Project1\main.cpp(355,12): warning C4244: “=”: 从“int”转换到“float”，可能丢失数据
E:\vc++\Project1\Project1\main.cpp(360,22): warning C4018: “<”: 有符号/无符号不匹配
E:\vc++\Project1\Project1\main.cpp(407,20): warning C4018: “<”: 有符号/无符号不匹配
E:\vc++\Project1\Project1\main.cpp(417,20): warning C4018: “<”: 有符号/无符号不匹配
E:\vc++\Project1\Project1\main.cpp(441,46): warning C4244: “参数”: 从“float”转换到“int”，可能丢失数据
E:\vc++\Project1\Project1\main.cpp(441,22): warning C4244: “参数”: 从“float”转换到“int”，可能丢失数据
E:\vc++\Project1\Project1\main.cpp(464,22): warning C4018: “<”: 有符号/无符号不匹配
E:\vc++\Project1\Project1\main.cpp(495,22): warning C4018: “<”: 有符号/无符号不匹配
E:\vc++\Project1\Project1\main.cpp(509,22): warning C4018: “<”: 有符号/无符号不匹配
E:\vc++\Project1\Project1\main.cpp(530,22): warning C4018: “<”: 有符号/无符号不匹配
E:\vc++\Project1\Project1\main.cpp(569,22): warning C4018: “<”: 有符号/无符号不匹配
E:\vc++\Project1\Project1\main.cpp(583,22): warning C4018: “<”: 有符号/无符号不匹配
E:\vc++\Project1\Project1\main.cpp(633,14): warning C4244: “初始化”: 从“double”转换到“float”，可能丢失数据
E:\vc++\Project1\Project1\main.cpp(653,7): warning C4244: “=”: 从“int”转换到“float”，可能丢失数据
E:\vc++\Project1\Project1\main.cpp(654,7): warning C4244: “=”: 从“int”转换到“float”，可能丢失数据
E:\vc++\Project1\Project1\main.cpp(661,47): warning C4305: “+=”: 从“double”到“float”截断
E:\vc++\Project1\Project1\main.cpp(663,21): warning C4018: “<”: 有符号/无符号不匹配
E:\vc++\Project1\Project1\main.cpp(673,20): warning C4018: “<”: 有符号/无符号不匹配
E:\vc++\Project1\Project1\main.cpp(700,15): warning C4244: “=”: 从“double”转换到“float”，可能丢失数据
E:\vc++\Project1\Project1\main.cpp(701,15): warning C4244: “=”: 从“double”转换到“float”，可能丢失数据
E:\vc++\Project1\Project1\main.cpp(702,15): warning C4244: “=”: 从“double”转换到“float”，可能丢失数据
E:\vc++\Project1\Project1\main.cpp(715,60): warning C4305: “初始化”: 从“double”到“GLfloat”截断
E:\vc++\Project1\Project1\main.cpp(716,60): warning C4305: “初始化”: 从“double”到“GLfloat”截断
E:\vc++\Project1\Project1\main.cpp(730,60): warning C4305: “初始化”: 从“double”到“GLfloat”截断
E:\vc++\Project1\Project1\main.cpp(732,40): warning C4305: “初始化”: 从“double”到“GLfloat”截断
E:\vc++\Project1\Project1\main.cpp(747,20): warning C4018: “<”: 有符号/无符号不匹配
E:\vc++\Project1\Project1\main.cpp(748,21): warning C4018: “<”: 有符号/无符号不匹配
E:\vc++\Project1\Project1\main.cpp(820,67): warning C4244: “=”: 从“double”转换到“float”，可能丢失数据
E:\vc++\Project1\Project1\main.cpp(821,68): warning C4244: “=”: 从“double”转换到“float”，可能丢失数据
E:\vc++\Project1\Project1\main.cpp(845,26): warning C4244: “参数”: 从“double”转换到“GLfloat”，可能丢失数据
E:\vc++\Project1\Project1\main.cpp(845,15): warning C4244: “参数”: 从“double”转换到“GLfloat”，可能丢失数据
E:\vc++\Project1\Project1\main.cpp(848,29): warning C4244: “参数”: 从“double”转换到“GLfloat”，可能丢失数据
E:\vc++\Project1\Project1\main.cpp(848,16): warning C4244: “参数”: 从“double”转换到“GLfloat”，可能丢失数据
E:\vc++\Project1\Project1\main.cpp(851,29): warning C4244: “参数”: 从“double”转换到“GLfloat”，可能丢失数据
E:\vc++\Project1\Project1\main.cpp(851,16): warning C4244: “参数”: 从“double”转换到“GLfloat”，可能丢失数据
E:\vc++\Project1\Project1\main.cpp(857,26): warning C4244: “参数”: 从“double”转换到“GLfloat”，可能丢失数据
E:\vc++\Project1\Project1\main.cpp(857,15): warning C4244: “参数”: 从“double”转换到“GLfloat”，可能丢失数据
E:\vc++\Project1\Project1\main.cpp(961,25): warning C4244: “参数”: 从“float”转换到“int”，可能丢失数据
E:\vc++\Project1\Project1\main.cpp(961,21): warning C4244: “参数”: 从“float”转换到“int”，可能丢失数据
  Project1.vcxproj -> E:\vc++\Project1\Debug\Project1.exe
