  main.cpp
C:\Users\Echo\Desktop\518030910125_zhoumeng_考试大作业\源代码\Project1\texture.h(54,19): warning C4018: “<”: 有符号/无符号不匹配
C:\Users\Echo\Desktop\518030910125_zhoumeng_考试大作业\源代码\Project1\main.cpp(60,28): warning C4244: “=”: 从“double”转换到“float”，可能丢失数据
C:\Users\Echo\Desktop\518030910125_zhoumeng_考试大作业\源代码\Project1\main.cpp(64,15): warning C4244: “=”: 从“double”转换到“float”，可能丢失数据
C:\Users\Echo\Desktop\518030910125_zhoumeng_考试大作业\源代码\Project1\main.cpp(65,17): warning C4244: “=”: 从“double”转换到“float”，可能丢失数据
C:\Users\Echo\Desktop\518030910125_zhoumeng_考试大作业\源代码\Project1\main.cpp(80,15): warning C4244: “=”: 从“double”转换到“float”，可能丢失数据
C:\Users\Echo\Desktop\518030910125_zhoumeng_考试大作业\源代码\Project1\main.cpp(109,28): warning C4244: “=”: 从“double”转换到“float”，可能丢失数据
C:\Users\Echo\Desktop\518030910125_zhoumeng_考试大作业\源代码\Project1\main.cpp(112,15): warning C4244: “=”: 从“double”转换到“float”，可能丢失数据
C:\Users\Echo\Desktop\518030910125_zhoumeng_考试大作业\源代码\Project1\main.cpp(113,17): warning C4244: “=”: 从“double”转换到“float”，可能丢失数据
C:\Users\Echo\Desktop\518030910125_zhoumeng_考试大作业\源代码\Project1\main.cpp(123,15): warning C4244: “=”: 从“double”转换到“float”，可能丢失数据
C:\Users\Echo\Desktop\518030910125_zhoumeng_考试大作业\源代码\Project1\main.cpp(165,27): warning C4244: “参数”: 从“double”转换到“GLfloat”，可能丢失数据
C:\Users\Echo\Desktop\518030910125_zhoumeng_考试大作业\源代码\Project1\main.cpp(166,27): warning C4244: “参数”: 从“double”转换到“GLfloat”，可能丢失数据
C:\Users\Echo\Desktop\518030910125_zhoumeng_考试大作业\源代码\Project1\main.cpp(167,27): warning C4244: “参数”: 从“double”转换到“GLfloat”，可能丢失数据
C:\Users\Echo\Desktop\518030910125_zhoumeng_考试大作业\源代码\Project1\main.cpp(168,27): warning C4244: “参数”: 从“double”转换到“GLfloat”，可能丢失数据
C:\Users\Echo\Desktop\518030910125_zhoumeng_考试大作业\源代码\Project1\main.cpp(355,12): warning C4244: “=”: 从“int”转换到“float”，可能丢失数据
C:\Users\Echo\Desktop\518030910125_zhoumeng_考试大作业\源代码\Project1\main.cpp(360,22): warning C4018: “<”: 有符号/无符号不匹配
C:\Users\Echo\Desktop\518030910125_zhoumeng_考试大作业\源代码\Project1\main.cpp(407,20): warning C4018: “<”: 有符号/无符号不匹配
C:\Users\Echo\Desktop\518030910125_zhoumeng_考试大作业\源代码\Project1\main.cpp(417,20): warning C4018: “<”: 有符号/无符号不匹配
C:\Users\Echo\Desktop\518030910125_zhoumeng_考试大作业\源代码\Project1\main.cpp(442,46): warning C4244: “参数”: 从“float”转换到“int”，可能丢失数据
C:\Users\Echo\Desktop\518030910125_zhoumeng_考试大作业\源代码\Project1\main.cpp(442,22): warning C4244: “参数”: 从“float”转换到“int”，可能丢失数据
C:\Users\Echo\Desktop\518030910125_zhoumeng_考试大作业\源代码\Project1\main.cpp(465,22): warning C4018: “<”: 有符号/无符号不匹配
C:\Users\Echo\Desktop\518030910125_zhoumeng_考试大作业\源代码\Project1\main.cpp(496,22): warning C4018: “<”: 有符号/无符号不匹配
C:\Users\Echo\Desktop\518030910125_zhoumeng_考试大作业\源代码\Project1\main.cpp(510,22): warning C4018: “<”: 有符号/无符号不匹配
C:\Users\Echo\Desktop\518030910125_zhoumeng_考试大作业\源代码\Project1\main.cpp(531,22): warning C4018: “<”: 有符号/无符号不匹配
C:\Users\Echo\Desktop\518030910125_zhoumeng_考试大作业\源代码\Project1\main.cpp(570,22): warning C4018: “<”: 有符号/无符号不匹配
C:\Users\Echo\Desktop\518030910125_zhoumeng_考试大作业\源代码\Project1\main.cpp(584,22): warning C4018: “<”: 有符号/无符号不匹配
C:\Users\Echo\Desktop\518030910125_zhoumeng_考试大作业\源代码\Project1\main.cpp(634,14): warning C4244: “初始化”: 从“double”转换到“float”，可能丢失数据
C:\Users\Echo\Desktop\518030910125_zhoumeng_考试大作业\源代码\Project1\main.cpp(654,7): warning C4244: “=”: 从“int”转换到“float”，可能丢失数据
C:\Users\Echo\Desktop\518030910125_zhoumeng_考试大作业\源代码\Project1\main.cpp(655,7): warning C4244: “=”: 从“int”转换到“float”，可能丢失数据
C:\Users\Echo\Desktop\518030910125_zhoumeng_考试大作业\源代码\Project1\main.cpp(662,47): warning C4305: “+=”: 从“double”到“float”截断
C:\Users\Echo\Desktop\518030910125_zhoumeng_考试大作业\源代码\Project1\main.cpp(664,21): warning C4018: “<”: 有符号/无符号不匹配
C:\Users\Echo\Desktop\518030910125_zhoumeng_考试大作业\源代码\Project1\main.cpp(674,20): warning C4018: “<”: 有符号/无符号不匹配
C:\Users\Echo\Desktop\518030910125_zhoumeng_考试大作业\源代码\Project1\main.cpp(701,15): warning C4244: “=”: 从“double”转换到“float”，可能丢失数据
C:\Users\Echo\Desktop\518030910125_zhoumeng_考试大作业\源代码\Project1\main.cpp(702,15): warning C4244: “=”: 从“double”转换到“float”，可能丢失数据
C:\Users\Echo\Desktop\518030910125_zhoumeng_考试大作业\源代码\Project1\main.cpp(703,15): warning C4244: “=”: 从“double”转换到“float”，可能丢失数据
C:\Users\Echo\Desktop\518030910125_zhoumeng_考试大作业\源代码\Project1\main.cpp(716,60): warning C4305: “初始化”: 从“double”到“GLfloat”截断
C:\Users\Echo\Desktop\518030910125_zhoumeng_考试大作业\源代码\Project1\main.cpp(717,60): warning C4305: “初始化”: 从“double”到“GLfloat”截断
C:\Users\Echo\Desktop\518030910125_zhoumeng_考试大作业\源代码\Project1\main.cpp(731,60): warning C4305: “初始化”: 从“double”到“GLfloat”截断
C:\Users\Echo\Desktop\518030910125_zhoumeng_考试大作业\源代码\Project1\main.cpp(733,40): warning C4305: “初始化”: 从“double”到“GLfloat”截断
C:\Users\Echo\Desktop\518030910125_zhoumeng_考试大作业\源代码\Project1\main.cpp(748,20): warning C4018: “<”: 有符号/无符号不匹配
C:\Users\Echo\Desktop\518030910125_zhoumeng_考试大作业\源代码\Project1\main.cpp(749,21): warning C4018: “<”: 有符号/无符号不匹配
C:\Users\Echo\Desktop\518030910125_zhoumeng_考试大作业\源代码\Project1\main.cpp(821,67): warning C4244: “=”: 从“double”转换到“float”，可能丢失数据
C:\Users\Echo\Desktop\518030910125_zhoumeng_考试大作业\源代码\Project1\main.cpp(822,68): warning C4244: “=”: 从“double”转换到“float”，可能丢失数据
C:\Users\Echo\Desktop\518030910125_zhoumeng_考试大作业\源代码\Project1\main.cpp(846,26): warning C4244: “参数”: 从“double”转换到“GLfloat”，可能丢失数据
C:\Users\Echo\Desktop\518030910125_zhoumeng_考试大作业\源代码\Project1\main.cpp(846,15): warning C4244: “参数”: 从“double”转换到“GLfloat”，可能丢失数据
C:\Users\Echo\Desktop\518030910125_zhoumeng_考试大作业\源代码\Project1\main.cpp(849,29): warning C4244: “参数”: 从“double”转换到“GLfloat”，可能丢失数据
C:\Users\Echo\Desktop\518030910125_zhoumeng_考试大作业\源代码\Project1\main.cpp(849,16): warning C4244: “参数”: 从“double”转换到“GLfloat”，可能丢失数据
C:\Users\Echo\Desktop\518030910125_zhoumeng_考试大作业\源代码\Project1\main.cpp(852,29): warning C4244: “参数”: 从“double”转换到“GLfloat”，可能丢失数据
C:\Users\Echo\Desktop\518030910125_zhoumeng_考试大作业\源代码\Project1\main.cpp(852,16): warning C4244: “参数”: 从“double”转换到“GLfloat”，可能丢失数据
C:\Users\Echo\Desktop\518030910125_zhoumeng_考试大作业\源代码\Project1\main.cpp(858,26): warning C4244: “参数”: 从“double”转换到“GLfloat”，可能丢失数据
C:\Users\Echo\Desktop\518030910125_zhoumeng_考试大作业\源代码\Project1\main.cpp(858,15): warning C4244: “参数”: 从“double”转换到“GLfloat”，可能丢失数据
C:\Users\Echo\Desktop\518030910125_zhoumeng_考试大作业\源代码\Project1\main.cpp(962,25): warning C4244: “参数”: 从“float”转换到“int”，可能丢失数据
C:\Users\Echo\Desktop\518030910125_zhoumeng_考试大作业\源代码\Project1\main.cpp(962,21): warning C4244: “参数”: 从“float”转换到“int”，可能丢失数据
  Particle.cpp
  正在生成代码
  393 of 401 functions (98.0%) were compiled, the rest were copied from previous compilation.
    10 functions were new in current compilation
    1 functions had inline decision re-evaluated but remain unchanged
  已完成代码的生成
  Project1.vcxproj -> C:\Users\Echo\Desktop\518030910125_zhoumeng_考试大作业\源代码\Release\Project1.exe
